<?xml version="1.0" encoding="UTF-8"?>
<testsuites name="Personnel Tests" time="190.757" tests="4" failures="1" errors="0">
   <testsuite name="Personnel Tests" tests="4" failures="1" errors="0" time="190.757" skipped="0" timestamp="2023-10-16 14:56:28" hostname="arjun.s - ARJUNSRAJ.experionglobal.local" id="Test Suites/Personnel Tests">
      <properties>
         <property name="deviceName" value=""/>
         <property name="devicePlatform" value=""/>
         <property name="logFolder" value="C:\\Users\\arjun.s\\git\\CAR_Tests\\Reports\\20231016_145624\\Personnel Tests\\20231016_145625"/>
         <property name="logFiles" value="C:\\Users\\arjun.s\\git\\CAR_Tests\\Reports\\20231016_145624\\Personnel Tests\\20231016_145625\\execution0.log"/>
         <property name="attachments" value=""/>
         <property name="hostName" value="arjun.s - ARJUNSRAJ.experionglobal.local"/>
         <property name="os" value="Windows 10 64bit"/>
         <property name="katalonVersion" value="8.5.5.208"/>
         <property name="browser" value="Chrome 118.0.0.0"/>
         <property name="hostAddress" value="172.16.35.44"/>
         <property name="sessionId" value="3959a04a148e4a81a63e250ea76c6f3e"/>
         <property name="seleniumVersion" value="3.141.59"/>
         <property name="proxyInformation" value="ProxyInformation { proxyOption=NO_PROXY, proxyServerType=HTTP, username=, password=********, proxyServerAddress=, proxyServerPort=0, executionList=&quot;&quot;, isApplyToDesiredCapabilities=true }"/>
         <property name="platform" value="Windows 10"/>
      </properties>
      <testcase name="Test Cases/Login and Logout/Login" time="77.162" classname="Test Cases/Login and Logout/Login" status="PASSED">
         <system-out><![CDATA[2023-10-16 14:56:28 - [TEST_CASE][PASSED] - Test Cases/Login and Logout/Login: Test Cases/Login and Logout/Login

2023-10-16 14:56:28 - [TEST_STEP][PASSED] - openBrowser(""): Browser is opened with url: ''

2023-10-16 14:56:28 - [MESSAGE][INFO] - Starting 'Chrome' driver

2023-10-16 14:56:28 - [MESSAGE][INFO] - Action delay is set to 0 milliseconds

2023-10-16 14:56:31 - [MESSAGE][PASSED] - Browser is opened with url: ''

2023-10-16 14:56:31 - [TEST_STEP][PASSED] - navigateToUrl("https://app.qa.ims.experionglobal.dev/login"): Navigate to 'https://app.qa.ims.experionglobal.dev/login' successfully

2023-10-16 14:56:31 - [MESSAGE][PASSED] - Navigate to 'https://app.qa.ims.experionglobal.dev/login' successfully

2023-10-16 14:56:31 - [TEST_STEP][PASSED] - click(findTestObject("Object Repository/Home Page/Login with Google Button")): Object: 'Object Repository/Home Page/Login with Google Button' is clicked on

2023-10-16 14:56:32 - [MESSAGE][PASSED] - Object: 'Object Repository/Home Page/Login with Google Button' is clicked on

2023-10-16 14:56:32 - [TEST_STEP][PASSED] - setText(findTestObject("Object Repository/Google Authentication Page/Username Box"), "superadmintestusercar@experionglobal.dev"): Text 'superadmintestusercar@experionglobal.dev' is set on object 'Object Repository/Google Authentication Page/Username Box'

2023-10-16 14:56:37 - [MESSAGE][PASSED] - Text 'superadmintestusercar@experionglobal.dev' is set on object 'Object Repository/Google Authentication Page/Username Box'

2023-10-16 14:56:37 - [TEST_STEP][PASSED] - click(findTestObject("Google Authentication Page/Next Button")): Object: 'Object Repository/Google Authentication Page/Next Button' is clicked on

2023-10-16 14:56:38 - [MESSAGE][PASSED] - Object: 'Object Repository/Google Authentication Page/Next Button' is clicked on

2023-10-16 14:56:38 - [TEST_STEP][PASSED] - setEncryptedText(findTestObject("Object Repository/Google Authentication Page/Password Box"), "7326p5kcqg39Yf9y5Lk4nA=="): Text ****** has been set on object 'Object Repository/Google Authentication Page/Password Box'

2023-10-16 14:56:41 - [MESSAGE][PASSED] - Text ****** has been set on object 'Object Repository/Google Authentication Page/Password Box'

2023-10-16 14:56:41 - [TEST_STEP][PASSED] - click(findTestObject("Object Repository/Google Authentication Page/Next Button")): Object: 'Object Repository/Google Authentication Page/Next Button' is clicked on

2023-10-16 14:56:41 - [MESSAGE][PASSED] - Object: 'Object Repository/Google Authentication Page/Next Button' is clicked on

2023-10-16 14:56:41 - [TEST_STEP][PASSED] - verifyElementText(findTestObject("Object Repository/Home Page/First Navigation Item"), "Home"): Actual text and expected text of test object 'Object Repository/Home Page/First Navigation Item' are matched.

2023-10-16 14:57:15 - [MESSAGE][PASSED] - Actual text and expected text of test object 'Object Repository/Home Page/First Navigation Item' are matched.

2023-10-16 14:57:15 - [TEST_STEP][PASSED] - if (verifyElementText(findTestObject("Object Repository/Home Page/First Navigation Item"), "Home")): null

2023-10-16 14:57:45 - [MESSAGE][PASSED] - Actual text and expected text of test object 'Object Repository/Home Page/First Navigation Item' are matched.

2023-10-16 14:57:45 - [TEST_STEP][PASSED] - isLoggedIn = true: null

2023-10-16 14:57:45 - [TEST_STEP][PASSED] - maximizeWindow(): Current window maximized

2023-10-16 14:57:45 - [MESSAGE][PASSED] - Current window maximized]]></system-out>
         <system-err><![CDATA[]]></system-err>
      </testcase>
      <testcase name="Test Cases/Personnel/Verify Mandatory Fields - Personnel" time="54.061" classname="Test Cases/Personnel/Verify Mandatory Fields - Personnel" status="PASSED">
         <system-out><![CDATA[2023-10-16 14:57:45 - [TEST_CASE][PASSED] - Test Cases/Personnel/Verify Mandatory Fields - Personnel: Test Cases/Personnel/Verify Mandatory Fields - Personnel

2023-10-16 14:57:45 - [TEST_STEP][PASSED] - if (!(isLoggedIn)): null

2023-10-16 14:57:45 - [TEST_STEP][PASSED] - click(findTestObject("Object Repository/Create Personnel/Personnel Navigation Link")): Object: 'Object Repository/Create Personnel/Personnel Navigation Link' is clicked on

2023-10-16 14:58:16 - [MESSAGE][PASSED] - Object: 'Object Repository/Create Personnel/Personnel Navigation Link' is clicked on

2023-10-16 14:58:16 - [TEST_STEP][PASSED] - click(findTestObject("Object Repository/Create Personnel/Create Personnel (Start) Button")): Object: 'Object Repository/Create Personnel/Create Personnel (Start) Button' is clicked on

2023-10-16 14:58:31 - [MESSAGE][PASSED] - Object: 'Object Repository/Create Personnel/Create Personnel (Start) Button' is clicked on

2023-10-16 14:58:31 - [TEST_STEP][PASSED] - click(findTestObject("Object Repository/Create Personnel/Create Personnel (Finish) Button")): Object: 'Object Repository/Create Personnel/Create Personnel (Finish) Button' is clicked on

2023-10-16 14:58:33 - [MESSAGE][PASSED] - Object: 'Object Repository/Create Personnel/Create Personnel (Finish) Button' is clicked on

2023-10-16 14:58:33 - [TEST_STEP][PASSED] - mouseOver(findTestObject("Object Repository/Create Personnel/Security Force Dropdown")): Object: 'Object Repository/Create Personnel/Security Force Dropdown' is hovered

2023-10-16 14:58:34 - [MESSAGE][PASSED] - Object: 'Object Repository/Create Personnel/Security Force Dropdown' is hovered

2023-10-16 14:58:34 - [TEST_STEP][PASSED] - verifyTextPresent("Security force is required.", false): Text 'Security force is required.' is present on page 

2023-10-16 14:58:34 - [MESSAGE][PASSED] - Text 'Security force is required.' is present on page 

2023-10-16 14:58:34 - [TEST_STEP][PASSED] - mouseOver(findTestObject("Create Personnel/Division")): Object: 'Object Repository/Create Personnel/Division' is hovered

2023-10-16 14:58:35 - [MESSAGE][PASSED] - Object: 'Object Repository/Create Personnel/Division' is hovered

2023-10-16 14:58:35 - [TEST_STEP][PASSED] - verifyTextPresent("Sector/Division is required.", false): Text 'Sector/Division is required.' is present on page 

2023-10-16 14:58:35 - [MESSAGE][PASSED] - Text 'Sector/Division is required.' is present on page 

2023-10-16 14:58:35 - [TEST_STEP][PASSED] - mouseOver(findTestObject("Create Personnel/Unit")): Object: 'Object Repository/Create Personnel/Unit' is hovered

2023-10-16 14:58:35 - [MESSAGE][PASSED] - Object: 'Object Repository/Create Personnel/Unit' is hovered

2023-10-16 14:58:35 - [TEST_STEP][PASSED] - verifyTextPresent("Unit is required.", false): Text 'Unit is required.' is present on page 

2023-10-16 14:58:36 - [MESSAGE][PASSED] - Text 'Unit is required.' is present on page 

2023-10-16 14:58:36 - [TEST_STEP][PASSED] - mouseOver(findTestObject("Create Personnel/First Name Text Box")): Object: 'Object Repository/Create Personnel/First Name Text Box' is hovered

2023-10-16 14:58:36 - [MESSAGE][PASSED] - Object: 'Object Repository/Create Personnel/First Name Text Box' is hovered

2023-10-16 14:58:36 - [TEST_STEP][PASSED] - verifyTextPresent("First name is required.", false): Text 'First name is required.' is present on page 

2023-10-16 14:58:37 - [MESSAGE][PASSED] - Text 'First name is required.' is present on page 

2023-10-16 14:58:37 - [TEST_STEP][PASSED] - mouseOver(findTestObject("Create Personnel/Last Name Text Box")): Object: 'Object Repository/Create Personnel/Last Name Text Box' is hovered

2023-10-16 14:58:37 - [MESSAGE][PASSED] - Object: 'Object Repository/Create Personnel/Last Name Text Box' is hovered

2023-10-16 14:58:37 - [TEST_STEP][PASSED] - verifyTextPresent("Last name is required.", false): Text 'Last name is required.' is present on page 

2023-10-16 14:58:37 - [MESSAGE][PASSED] - Text 'Last name is required.' is present on page 

2023-10-16 14:58:37 - [TEST_STEP][PASSED] - mouseOver(findTestObject("Create Personnel/Telephone Number")): Object: 'Object Repository/Create Personnel/Telephone Number' is hovered

2023-10-16 14:58:38 - [MESSAGE][PASSED] - Object: 'Object Repository/Create Personnel/Telephone Number' is hovered

2023-10-16 14:58:38 - [TEST_STEP][PASSED] - verifyTextPresent("Telephone is required.", false): Text 'Telephone is required.' is present on page 

2023-10-16 14:58:38 - [MESSAGE][PASSED] - Text 'Telephone is required.' is present on page 

2023-10-16 14:58:38 - [TEST_STEP][PASSED] - mouseOver(findTestObject("Create Personnel/Rank")): Object: 'Object Repository/Create Personnel/Rank' is hovered

2023-10-16 14:58:39 - [MESSAGE][PASSED] - Object: 'Object Repository/Create Personnel/Rank' is hovered

2023-10-16 14:58:39 - [TEST_STEP][PASSED] - verifyTextPresent("Rank is required.", false): Text 'Rank is required.' is present on page 

2023-10-16 14:58:39 - [MESSAGE][PASSED] - Text 'Rank is required.' is present on page 

2023-10-16 14:58:39 - [TEST_STEP][PASSED] - verifyElementPresent(findTestObject("Create Personnel/Profile Picture Required message"), 30): Object 'Object Repository/Create Personnel/Profile Picture Required message' is present

2023-10-16 14:58:39 - [MESSAGE][PASSED] - Object 'Object Repository/Create Personnel/Profile Picture Required message' is present

2023-10-16 14:58:39 - [TEST_STEP][PASSED] - if (!(RuninSuite)): null]]></system-out>
         <system-err><![CDATA[]]></system-err>
      </testcase>
      <testcase name="Test Cases/Personnel/Create Personnel" time="24.028" classname="Test Cases/Personnel/Create Personnel" status="PASSED">
         <system-out><![CDATA[2023-10-16 14:58:39 - [TEST_CASE][PASSED] - Test Cases/Personnel/Create Personnel: Test Cases/Personnel/Create Personnel

2023-10-16 14:58:40 - [TEST_STEP][PASSED] - if (!(isLoggedIn)): null

2023-10-16 14:58:40 - [TEST_STEP][PASSED] - click(findTestObject("Object Repository/Create Personnel/Personnel Navigation Link")): Object: 'Object Repository/Create Personnel/Personnel Navigation Link' is clicked on

2023-10-16 14:58:40 - [MESSAGE][PASSED] - Object: 'Object Repository/Create Personnel/Personnel Navigation Link' is clicked on

2023-10-16 14:58:40 - [TEST_STEP][PASSED] - Timestamp = DateTimeUtility.getCurrentDateTime("IST", ""): DateTimeUtility.getCurrentDateTime is PASSED

2023-10-16 14:58:40 - [MESSAGE][INFO] - The current TimeZone ID is: IST

2023-10-16 14:58:40 - [MESSAGE][PASSED] - DateTimeUtility.getCurrentDateTime is PASSED

2023-10-16 14:58:40 - [TEST_STEP][PASSED] - click(findTestObject("Object Repository/Create Personnel/Create Personnel (Start) Button")): Object: 'Object Repository/Create Personnel/Create Personnel (Start) Button' is clicked on

2023-10-16 14:58:42 - [MESSAGE][PASSED] - Object: 'Object Repository/Create Personnel/Create Personnel (Start) Button' is clicked on

2023-10-16 14:58:42 - [TEST_STEP][PASSED] - click(findTestObject("Object Repository/Create Personnel/Security Force Dropdown")): Object: 'Object Repository/Create Personnel/Security Force Dropdown' is clicked on

2023-10-16 14:58:42 - [MESSAGE][PASSED] - Object: 'Object Repository/Create Personnel/Security Force Dropdown' is clicked on

2023-10-16 14:58:42 - [TEST_STEP][PASSED] - click(findTestObject("Object Repository/Common/SPF dropdown option")): Object: 'Object Repository/Common/SPF dropdown option' is clicked on

2023-10-16 14:58:43 - [MESSAGE][PASSED] - Object: 'Object Repository/Common/SPF dropdown option' is clicked on

2023-10-16 14:58:43 - [TEST_STEP][PASSED] - click(findTestObject("Object Repository/Create Personnel/Division")): Object: 'Object Repository/Create Personnel/Division' is clicked on

2023-10-16 14:58:43 - [MESSAGE][PASSED] - Object: 'Object Repository/Create Personnel/Division' is clicked on

2023-10-16 14:58:43 - [TEST_STEP][PASSED] - click(findTestObject("Create Personnel/Division 1st Option")): Object: 'Object Repository/Create Personnel/Division 1st Option' is clicked on

2023-10-16 14:58:44 - [MESSAGE][PASSED] - Object: 'Object Repository/Create Personnel/Division 1st Option' is clicked on

2023-10-16 14:58:44 - [TEST_STEP][PASSED] - click(findTestObject("Object Repository/Create Personnel/Unit")): Object: 'Object Repository/Create Personnel/Unit' is clicked on

2023-10-16 14:58:45 - [MESSAGE][PASSED] - Object: 'Object Repository/Create Personnel/Unit' is clicked on

2023-10-16 14:58:45 - [TEST_STEP][PASSED] - click(findTestObject("Object Repository/Create Personnel/Unit dropdown 1st value")): Object: 'Object Repository/Create Personnel/Unit dropdown 1st value' is clicked on

2023-10-16 14:58:45 - [MESSAGE][PASSED] - Object: 'Object Repository/Create Personnel/Unit dropdown 1st value' is clicked on

2023-10-16 14:58:45 - [TEST_STEP][PASSED] - setText(findTestObject("Object Repository/Create Personnel/First Name Text Box"), "Test"): Text 'Test' is set on object 'Object Repository/Create Personnel/First Name Text Box'

2023-10-16 14:58:47 - [MESSAGE][PASSED] - Text 'Test' is set on object 'Object Repository/Create Personnel/First Name Text Box'

2023-10-16 14:58:47 - [TEST_STEP][PASSED] - setText(findTestObject("Object Repository/Create Personnel/Middle Name Text Box"), "Automation"): Text 'Automation' is set on object 'Object Repository/Create Personnel/Middle Name Text Box'

2023-10-16 14:58:48 - [MESSAGE][PASSED] - Text 'Automation' is set on object 'Object Repository/Create Personnel/Middle Name Text Box'

2023-10-16 14:58:48 - [TEST_STEP][PASSED] - setText(findTestObject("Object Repository/Create Personnel/Last Name Text Box"), Timestamp): Text '16-10-2023 02:58:40 PM' is set on object 'Object Repository/Create Personnel/Last Name Text Box'

2023-10-16 14:58:49 - [MESSAGE][PASSED] - Text '16-10-2023 02:58:40 PM' is set on object 'Object Repository/Create Personnel/Last Name Text Box'

2023-10-16 14:58:49 - [TEST_STEP][PASSED] - setText(findTestObject("Create Personnel/Forces ID Number Text Box"), "FID001"): Text 'FID001' is set on object 'Object Repository/Create Personnel/Forces ID Number Text Box'

2023-10-16 14:58:49 - [MESSAGE][PASSED] - Text 'FID001' is set on object 'Object Repository/Create Personnel/Forces ID Number Text Box'

2023-10-16 14:58:49 - [TEST_STEP][PASSED] - setText(findTestObject("Create Personnel/Forces AP Number Text Box"), "FAP001"): Text 'FAP001' is set on object 'Object Repository/Create Personnel/Forces AP Number Text Box'

2023-10-16 14:58:50 - [MESSAGE][PASSED] - Text 'FAP001' is set on object 'Object Repository/Create Personnel/Forces AP Number Text Box'

2023-10-16 14:58:50 - [TEST_STEP][PASSED] - setText(findTestObject("Create Personnel/Biometric Reg No Text Box"), "BMI001"): Text 'BMI001' is set on object 'Object Repository/Create Personnel/Biometric Reg No Text Box'

2023-10-16 14:58:51 - [MESSAGE][PASSED] - Text 'BMI001' is set on object 'Object Repository/Create Personnel/Biometric Reg No Text Box'

2023-10-16 14:58:51 - [TEST_STEP][PASSED] - setText(findTestObject("Object Repository/Create Personnel/Telephone Number Text Box"), "456 127 876"): Text '456 127 876' is set on object 'Object Repository/Create Personnel/Telephone Number Text Box'

2023-10-16 14:58:52 - [MESSAGE][PASSED] - Text '456 127 876' is set on object 'Object Repository/Create Personnel/Telephone Number Text Box'

2023-10-16 14:58:52 - [TEST_STEP][PASSED] - click(findTestObject("Object Repository/Create Personnel/Rank")): Object: 'Object Repository/Create Personnel/Rank' is clicked on

2023-10-16 14:58:52 - [MESSAGE][PASSED] - Object: 'Object Repository/Create Personnel/Rank' is clicked on

2023-10-16 14:58:52 - [TEST_STEP][PASSED] - click(findTestObject("Object Repository/Create Personnel/li_KL")): Object: 'Object Repository/Create Personnel/li_KL' is clicked on

2023-10-16 14:58:53 - [MESSAGE][PASSED] - Object: 'Object Repository/Create Personnel/li_KL' is clicked on

2023-10-16 14:58:53 - [TEST_STEP][PASSED] - uploadFiles.uploadFile(findTestObject("Create Personnel/Image_Upload"), "C:\Users\arjun.s\Desktop\Test Images\AK-47, 4839351-5.jpg"): uploadFiles.uploadFile is PASSED

2023-10-16 14:58:54 - [MESSAGE][PASSED] - Object: 'Object Repository/Create Personnel/Image_Upload' is clicked on

2023-10-16 14:58:56 - [MESSAGE][PASSED] - uploadFiles.uploadFile is PASSED

2023-10-16 14:58:56 - [TEST_STEP][PASSED] - setText(findTestObject("Create Personnel/Responsible Person Name Box"), "Test Guranator"): Text 'Test Guranator' is set on object 'Object Repository/Create Personnel/Responsible Person Name Box'

2023-10-16 14:58:57 - [MESSAGE][PASSED] - Text 'Test Guranator' is set on object 'Object Repository/Create Personnel/Responsible Person Name Box'

2023-10-16 14:58:57 - [TEST_STEP][PASSED] - setText(findTestObject("Create Personnel/Responsible Person Phone Box"), "123 456 789"): Text '123 456 789' is set on object 'Object Repository/Create Personnel/Responsible Person Phone Box'

2023-10-16 14:58:58 - [MESSAGE][PASSED] - Text '123 456 789' is set on object 'Object Repository/Create Personnel/Responsible Person Phone Box'

2023-10-16 14:58:58 - [TEST_STEP][PASSED] - setText(findTestObject("Create Personnel/Notes Box"), "Test Note"): Text 'Test Note' is set on object 'Object Repository/Create Personnel/Notes Box'

2023-10-16 14:58:59 - [MESSAGE][PASSED] - Text 'Test Note' is set on object 'Object Repository/Create Personnel/Notes Box'

2023-10-16 14:58:59 - [TEST_STEP][PASSED] - click(findTestObject("Object Repository/Create Personnel/Create Personnel (Finish) Button")): Object: 'Object Repository/Create Personnel/Create Personnel (Finish) Button' is clicked on

2023-10-16 14:58:59 - [MESSAGE][PASSED] - Object: 'Object Repository/Create Personnel/Create Personnel (Finish) Button' is clicked on

2023-10-16 14:58:59 - [TEST_STEP][PASSED] - verifyElementText(findTestObject("Object Repository/Create Personnel/Personnel Creation Confirmation Message"), "Personnel added successfully!"): Actual text and expected text of test object 'Object Repository/Create Personnel/Personnel Creation Confirmation Message' are matched.

2023-10-16 14:59:02 - [MESSAGE][PASSED] - Actual text and expected text of test object 'Object Repository/Create Personnel/Personnel Creation Confirmation Message' are matched.

2023-10-16 14:59:02 - [TEST_STEP][PASSED] - click(findTestObject("Create Personnel/Create Another Cancel Button")): Object: 'Object Repository/Create Personnel/Create Another Cancel Button' is clicked on

2023-10-16 14:59:02 - [MESSAGE][PASSED] - Object: 'Object Repository/Create Personnel/Create Another Cancel Button' is clicked on

2023-10-16 14:59:02 - [TEST_STEP][PASSED] - verifyElementNotPresent(findTestObject("Create Personnel/Something Went Wrong Toast"), 30): Web element with id: 'Object Repository/Create Personnel/Something Went Wrong Toast' located by 'By.xpath: (//div[text()='Something went wrong!'])[1]' is not present after '30' second(s)

2023-10-16 14:59:03 - [MESSAGE][PASSED] - Web element with id: 'Object Repository/Create Personnel/Something Went Wrong Toast' located by 'By.xpath: (//div[text()='Something went wrong!'])[1]' is not present after '30' second(s)

2023-10-16 14:59:03 - [TEST_STEP][PASSED] - if (!(RuninSuite)): null]]></system-out>
         <system-err><![CDATA[]]></system-err>
      </testcase>
      <testcase name="Test Cases/Personnel/View and Edit Personnel" time="35.139" classname="Test Cases/Personnel/View and Edit Personnel" status="FAILED">
         <failure type="FAILED" message="Test Cases/Personnel/View and Edit Personnel FAILED.
Reason:
com.kms.katalon.core.exception.StepFailedException: Unable to verify equal between actual object '' and expected object 'Test Automation 16-10-2023 02:58:40 PM' (Root cause: com.kms.katalon.core.exception.StepFailedException: Actual object '' and expected object 'Test Automation 16-10-2023 02:58:40 PM' are not equal
	at com.kms.katalon.core.keyword.builtin.VerifyEqualKeyword$_verifyEqual_closure1.doCall(VerifyEqualKeyword.groovy:58)
	at com.kms.katalon.core.keyword.builtin.VerifyEqualKeyword$_verifyEqual_closure1.call(VerifyEqualKeyword.groovy)
	at com.kms.katalon.core.keyword.internal.KeywordMain.runKeyword(KeywordMain.groovy:74)
	at com.kms.katalon.core.keyword.builtin.VerifyEqualKeyword.verifyEqual(VerifyEqualKeyword.groovy:63)
	at com.kms.katalon.core.keyword.builtin.VerifyEqualKeyword.execute(VerifyEqualKeyword.groovy:44)
	at com.kms.katalon.core.keyword.internal.KeywordExecutor.executeKeywordForPlatform(KeywordExecutor.groovy:74)
	at com.kms.katalon.core.keyword.BuiltinKeywords.verifyEqual(BuiltinKeywords.groovy:126)
	at View and Edit Personnel.run(View and Edit Personnel:33)
	at com.kms.katalon.core.main.ScriptEngine.run(ScriptEngine.java:194)
	at com.kms.katalon.core.main.ScriptEngine.runScriptAsRawText(ScriptEngine.java:119)
	at com.kms.katalon.core.main.TestCaseExecutor.runScript(TestCaseExecutor.java:448)
	at com.kms.katalon.core.main.TestCaseExecutor.doExecute(TestCaseExecutor.java:439)
	at com.kms.katalon.core.main.TestCaseExecutor.processExecutionPhase(TestCaseExecutor.java:418)
	at com.kms.katalon.core.main.TestCaseExecutor.accessMainPhase(TestCaseExecutor.java:410)
	at com.kms.katalon.core.main.TestCaseExecutor.execute(TestCaseExecutor.java:285)
	at com.kms.katalon.core.common.CommonExecutor.accessTestCaseMainPhase(CommonExecutor.java:65)
	at com.kms.katalon.core.main.TestSuiteExecutor.accessTestSuiteMainPhase(TestSuiteExecutor.java:151)
	at com.kms.katalon.core.main.TestSuiteExecutor.execute(TestSuiteExecutor.java:106)
	at com.kms.katalon.core.main.TestCaseMain.startTestSuite(TestCaseMain.java:185)
	at com.kms.katalon.core.main.TestCaseMain$startTestSuite$0.call(Unknown Source)
	at TempTestSuite1697448385654.run(TempTestSuite1697448385654.groovy:36)
)
	at com.kms.katalon.core.keyword.internal.KeywordMain.stepFailed(KeywordMain.groovy:39)
	at com.kms.katalon.core.keyword.internal.KeywordMain.stepFailed(KeywordMain.groovy)
	at com.kms.katalon.core.keyword.internal.KeywordMain.runKeyword(KeywordMain.groovy:76)
	at com.kms.katalon.core.keyword.builtin.VerifyEqualKeyword.verifyEqual(VerifyEqualKeyword.groovy:63)
	at com.kms.katalon.core.keyword.builtin.VerifyEqualKeyword.execute(VerifyEqualKeyword.groovy:44)
	at com.kms.katalon.core.keyword.internal.KeywordExecutor.executeKeywordForPlatform(KeywordExecutor.groovy:74)
	at com.kms.katalon.core.keyword.BuiltinKeywords.verifyEqual(BuiltinKeywords.groovy:126)
	at View and Edit Personnel.run(View and Edit Personnel:33)
	at com.kms.katalon.core.main.ScriptEngine.run(ScriptEngine.java:194)
	at com.kms.katalon.core.main.ScriptEngine.runScriptAsRawText(ScriptEngine.java:119)
	at com.kms.katalon.core.main.TestCaseExecutor.runScript(TestCaseExecutor.java:448)
	at com.kms.katalon.core.main.TestCaseExecutor.doExecute(TestCaseExecutor.java:439)
	at com.kms.katalon.core.main.TestCaseExecutor.processExecutionPhase(TestCaseExecutor.java:418)
	at com.kms.katalon.core.main.TestCaseExecutor.accessMainPhase(TestCaseExecutor.java:410)
	at com.kms.katalon.core.main.TestCaseExecutor.execute(TestCaseExecutor.java:285)
	at com.kms.katalon.core.common.CommonExecutor.accessTestCaseMainPhase(CommonExecutor.java:65)
	at com.kms.katalon.core.main.TestSuiteExecutor.accessTestSuiteMainPhase(TestSuiteExecutor.java:151)
	at com.kms.katalon.core.main.TestSuiteExecutor.execute(TestSuiteExecutor.java:106)
	at com.kms.katalon.core.main.TestCaseMain.startTestSuite(TestCaseMain.java:185)
	at com.kms.katalon.core.main.TestCaseMain$startTestSuite$0.call(Unknown Source)
	at TempTestSuite1697448385654.run(TempTestSuite1697448385654.groovy:36)
Caused by: com.kms.katalon.core.exception.StepFailedException: Actual object '' and expected object 'Test Automation 16-10-2023 02:58:40 PM' are not equal
	at com.kms.katalon.core.keyword.builtin.VerifyEqualKeyword$_verifyEqual_closure1.doCall(VerifyEqualKeyword.groovy:58)
	at com.kms.katalon.core.keyword.builtin.VerifyEqualKeyword$_verifyEqual_closure1.call(VerifyEqualKeyword.groovy)
	at com.kms.katalon.core.keyword.internal.KeywordMain.runKeyword(KeywordMain.groovy:74)
	... 18 more
"/>
         <system-out><![CDATA[2023-10-16 14:59:03 - [TEST_CASE][FAILED] - Test Cases/Personnel/View and Edit Personnel: Test Cases/Personnel/View and Edit Personnel FAILED.
Reason:
com.kms.katalon.core.exception.StepFailedException: Unable to verify equal between actual object '' and expected object 'Test Automation 16-10-2023 02:58:40 PM' (Root cause: com.kms.katalon.core.exception.StepFailedException: Actual object '' and expected object 'Test Automation 16-10-2023 02:58:40 PM' are not equal
	at com.kms.katalon.core.keyword.builtin.VerifyEqualKeyword$_verifyEqual_closure1.doCall(VerifyEqualKeyword.groovy:58)
	at com.kms.katalon.core.keyword.builtin.VerifyEqualKeyword$_verifyEqual_closure1.call(VerifyEqualKeyword.groovy)
	at com.kms.katalon.core.keyword.internal.KeywordMain.runKeyword(KeywordMain.groovy:74)
	at com.kms.katalon.core.keyword.builtin.VerifyEqualKeyword.verifyEqual(VerifyEqualKeyword.groovy:63)
	at com.kms.katalon.core.keyword.builtin.VerifyEqualKeyword.execute(VerifyEqualKeyword.groovy:44)
	at com.kms.katalon.core.keyword.internal.KeywordExecutor.executeKeywordForPlatform(KeywordExecutor.groovy:74)
	at com.kms.katalon.core.keyword.BuiltinKeywords.verifyEqual(BuiltinKeywords.groovy:126)
	at View and Edit Personnel.run(View and Edit Personnel:33)
	at com.kms.katalon.core.main.ScriptEngine.run(ScriptEngine.java:194)
	at com.kms.katalon.core.main.ScriptEngine.runScriptAsRawText(ScriptEngine.java:119)
	at com.kms.katalon.core.main.TestCaseExecutor.runScript(TestCaseExecutor.java:448)
	at com.kms.katalon.core.main.TestCaseExecutor.doExecute(TestCaseExecutor.java:439)
	at com.kms.katalon.core.main.TestCaseExecutor.processExecutionPhase(TestCaseExecutor.java:418)
	at com.kms.katalon.core.main.TestCaseExecutor.accessMainPhase(TestCaseExecutor.java:410)
	at com.kms.katalon.core.main.TestCaseExecutor.execute(TestCaseExecutor.java:285)
	at com.kms.katalon.core.common.CommonExecutor.accessTestCaseMainPhase(CommonExecutor.java:65)
	at com.kms.katalon.core.main.TestSuiteExecutor.accessTestSuiteMainPhase(TestSuiteExecutor.java:151)
	at com.kms.katalon.core.main.TestSuiteExecutor.execute(TestSuiteExecutor.java:106)
	at com.kms.katalon.core.main.TestCaseMain.startTestSuite(TestCaseMain.java:185)
	at com.kms.katalon.core.main.TestCaseMain$startTestSuite$0.call(Unknown Source)
	at TempTestSuite1697448385654.run(TempTestSuite1697448385654.groovy:36)
)
	at com.kms.katalon.core.keyword.internal.KeywordMain.stepFailed(KeywordMain.groovy:39)
	at com.kms.katalon.core.keyword.internal.KeywordMain.stepFailed(KeywordMain.groovy)
	at com.kms.katalon.core.keyword.internal.KeywordMain.runKeyword(KeywordMain.groovy:76)
	at com.kms.katalon.core.keyword.builtin.VerifyEqualKeyword.verifyEqual(VerifyEqualKeyword.groovy:63)
	at com.kms.katalon.core.keyword.builtin.VerifyEqualKeyword.execute(VerifyEqualKeyword.groovy:44)
	at com.kms.katalon.core.keyword.internal.KeywordExecutor.executeKeywordForPlatform(KeywordExecutor.groovy:74)
	at com.kms.katalon.core.keyword.BuiltinKeywords.verifyEqual(BuiltinKeywords.groovy:126)
	at View and Edit Personnel.run(View and Edit Personnel:33)
	at com.kms.katalon.core.main.ScriptEngine.run(ScriptEngine.java:194)
	at com.kms.katalon.core.main.ScriptEngine.runScriptAsRawText(ScriptEngine.java:119)
	at com.kms.katalon.core.main.TestCaseExecutor.runScript(TestCaseExecutor.java:448)
	at com.kms.katalon.core.main.TestCaseExecutor.doExecute(TestCaseExecutor.java:439)
	at com.kms.katalon.core.main.TestCaseExecutor.processExecutionPhase(TestCaseExecutor.java:418)
	at com.kms.katalon.core.main.TestCaseExecutor.accessMainPhase(TestCaseExecutor.java:410)
	at com.kms.katalon.core.main.TestCaseExecutor.execute(TestCaseExecutor.java:285)
	at com.kms.katalon.core.common.CommonExecutor.accessTestCaseMainPhase(CommonExecutor.java:65)
	at com.kms.katalon.core.main.TestSuiteExecutor.accessTestSuiteMainPhase(TestSuiteExecutor.java:151)
	at com.kms.katalon.core.main.TestSuiteExecutor.execute(TestSuiteExecutor.java:106)
	at com.kms.katalon.core.main.TestCaseMain.startTestSuite(TestCaseMain.java:185)
	at com.kms.katalon.core.main.TestCaseMain$startTestSuite$0.call(Unknown Source)
	at TempTestSuite1697448385654.run(TempTestSuite1697448385654.groovy:36)
Caused by: com.kms.katalon.core.exception.StepFailedException: Actual object '' and expected object 'Test Automation 16-10-2023 02:58:40 PM' are not equal
	at com.kms.katalon.core.keyword.builtin.VerifyEqualKeyword$_verifyEqual_closure1.doCall(VerifyEqualKeyword.groovy:58)
	at com.kms.katalon.core.keyword.builtin.VerifyEqualKeyword$_verifyEqual_closure1.call(VerifyEqualKeyword.groovy)
	at com.kms.katalon.core.keyword.internal.KeywordMain.runKeyword(KeywordMain.groovy:74)
	... 18 more


2023-10-16 14:59:04 - [TEST_STEP][PASSED] - if (!(isLoggedIn)): null

2023-10-16 14:59:04 - [TEST_STEP][PASSED] - click(findTestObject("Object Repository/Create Personnel/Personnel Navigation Link")): Object: 'Object Repository/Create Personnel/Personnel Navigation Link' is clicked on

2023-10-16 14:59:04 - [MESSAGE][PASSED] - Object: 'Object Repository/Create Personnel/Personnel Navigation Link' is clicked on

2023-10-16 14:59:04 - [TEST_STEP][NOT_RUN] - refresh(): NOT_RUN: refresh()

2023-10-16 14:59:04 - [MESSAGE][NOT_RUN] - NOT_RUN: refresh()

2023-10-16 14:59:04 - [TEST_STEP][PASSED] - PersonnelNameList = getText(findTestObject("View and Edit Personnel/First Personnel Name - List")): Text of object 'Object Repository/View and Edit Personnel/First Personnel Name - List' is: ''

2023-10-16 14:59:05 - [MESSAGE][PASSED] - Text of object 'Object Repository/View and Edit Personnel/First Personnel Name - List' is: ''

2023-10-16 14:59:05 - [TEST_STEP][PASSED] - click(findTestObject("View and Edit Personnel/First Personnel view Button")): Object: 'Object Repository/View and Edit Personnel/First Personnel view Button' is clicked on

2023-10-16 14:59:05 - [MESSAGE][PASSED] - Object: 'Object Repository/View and Edit Personnel/First Personnel view Button' is clicked on

2023-10-16 14:59:05 - [TEST_STEP][PASSED] - PersonnelNameView = getText(findTestObject("View and Edit Personnel/Personnel Name - View")): Text of object 'Object Repository/View and Edit Personnel/Personnel Name - View' is: 'Test Automation 16-10-2023 02:58:40 PM'

2023-10-16 14:59:07 - [MESSAGE][PASSED] - Text of object 'Object Repository/View and Edit Personnel/Personnel Name - View' is: 'Test Automation 16-10-2023 02:58:40 PM'

2023-10-16 14:59:07 - [TEST_STEP][FAILED] - verifyEqual(PersonnelNameList, PersonnelNameView, CONTINUE_ON_FAILURE): Unable to verify equal between actual object '' and expected object 'Test Automation 16-10-2023 02:58:40 PM' (Root cause: com.kms.katalon.core.exception.StepFailedException: Actual object '' and expected object 'Test Automation 16-10-2023 02:58:40 PM' are not equal
	at com.kms.katalon.core.keyword.builtin.VerifyEqualKeyword$_verifyEqual_closure1.doCall(VerifyEqualKeyword.groovy:58)
	at com.kms.katalon.core.keyword.builtin.VerifyEqualKeyword$_verifyEqual_closure1.call(VerifyEqualKeyword.groovy)
	at com.kms.katalon.core.keyword.internal.KeywordMain.runKeyword(KeywordMain.groovy:74)
	at com.kms.katalon.core.keyword.builtin.VerifyEqualKeyword.verifyEqual(VerifyEqualKeyword.groovy:63)
	at com.kms.katalon.core.keyword.builtin.VerifyEqualKeyword.execute(VerifyEqualKeyword.groovy:44)
	at com.kms.katalon.core.keyword.internal.KeywordExecutor.executeKeywordForPlatform(KeywordExecutor.groovy:74)
	at com.kms.katalon.core.keyword.BuiltinKeywords.verifyEqual(BuiltinKeywords.groovy:126)
	at View and Edit Personnel.run(View and Edit Personnel:33)
	at com.kms.katalon.core.main.ScriptEngine.run(ScriptEngine.java:194)
	at com.kms.katalon.core.main.ScriptEngine.runScriptAsRawText(ScriptEngine.java:119)
	at com.kms.katalon.core.main.TestCaseExecutor.runScript(TestCaseExecutor.java:448)
	at com.kms.katalon.core.main.TestCaseExecutor.doExecute(TestCaseExecutor.java:439)
	at com.kms.katalon.core.main.TestCaseExecutor.processExecutionPhase(TestCaseExecutor.java:418)
	at com.kms.katalon.core.main.TestCaseExecutor.accessMainPhase(TestCaseExecutor.java:410)
	at com.kms.katalon.core.main.TestCaseExecutor.execute(TestCaseExecutor.java:285)
	at com.kms.katalon.core.common.CommonExecutor.accessTestCaseMainPhase(CommonExecutor.java:65)
	at com.kms.katalon.core.main.TestSuiteExecutor.accessTestSuiteMainPhase(TestSuiteExecutor.java:151)
	at com.kms.katalon.core.main.TestSuiteExecutor.execute(TestSuiteExecutor.java:106)
	at com.kms.katalon.core.main.TestCaseMain.startTestSuite(TestCaseMain.java:185)
	at com.kms.katalon.core.main.TestCaseMain$startTestSuite$0.call(Unknown Source)
	at TempTestSuite1697448385654.run(TempTestSuite1697448385654.groovy:36)
)

2023-10-16 14:59:07 - [MESSAGE][FAILED] - Unable to verify equal between actual object '' and expected object 'Test Automation 16-10-2023 02:58:40 PM' (Root cause: com.kms.katalon.core.exception.StepFailedException: Actual object '' and expected object 'Test Automation 16-10-2023 02:58:40 PM' are not equal
	at com.kms.katalon.core.keyword.builtin.VerifyEqualKeyword$_verifyEqual_closure1.doCall(VerifyEqualKeyword.groovy:58)
	at com.kms.katalon.core.keyword.builtin.VerifyEqualKeyword$_verifyEqual_closure1.call(VerifyEqualKeyword.groovy)
	at com.kms.katalon.core.keyword.internal.KeywordMain.runKeyword(KeywordMain.groovy:74)
	at com.kms.katalon.core.keyword.builtin.VerifyEqualKeyword.verifyEqual(VerifyEqualKeyword.groovy:63)
	at com.kms.katalon.core.keyword.builtin.VerifyEqualKeyword.execute(VerifyEqualKeyword.groovy:44)
	at com.kms.katalon.core.keyword.internal.KeywordExecutor.executeKeywordForPlatform(KeywordExecutor.groovy:74)
	at com.kms.katalon.core.keyword.BuiltinKeywords.verifyEqual(BuiltinKeywords.groovy:126)
	at View and Edit Personnel.run(View and Edit Personnel:33)
	at com.kms.katalon.core.main.ScriptEngine.run(ScriptEngine.java:194)
	at com.kms.katalon.core.main.ScriptEngine.runScriptAsRawText(ScriptEngine.java:119)
	at com.kms.katalon.core.main.TestCaseExecutor.runScript(TestCaseExecutor.java:448)
	at com.kms.katalon.core.main.TestCaseExecutor.doExecute(TestCaseExecutor.java:439)
	at com.kms.katalon.core.main.TestCaseExecutor.processExecutionPhase(TestCaseExecutor.java:418)
	at com.kms.katalon.core.main.TestCaseExecutor.accessMainPhase(TestCaseExecutor.java:410)
	at com.kms.katalon.core.main.TestCaseExecutor.execute(TestCaseExecutor.java:285)
	at com.kms.katalon.core.common.CommonExecutor.accessTestCaseMainPhase(CommonExecutor.java:65)
	at com.kms.katalon.core.main.TestSuiteExecutor.accessTestSuiteMainPhase(TestSuiteExecutor.java:151)
	at com.kms.katalon.core.main.TestSuiteExecutor.execute(TestSuiteExecutor.java:106)
	at com.kms.katalon.core.main.TestCaseMain.startTestSuite(TestCaseMain.java:185)
	at com.kms.katalon.core.main.TestCaseMain$startTestSuite$0.call(Unknown Source)
	at TempTestSuite1697448385654.run(TempTestSuite1697448385654.groovy:36)
)

2023-10-16 14:59:07 - [TEST_STEP][PASSED] - click(findTestObject("Common/Edit Button")): Object: 'Object Repository/Common/Edit Button' is clicked on

2023-10-16 14:59:07 - [MESSAGE][PASSED] - Object: 'Object Repository/Common/Edit Button' is clicked on

2023-10-16 14:59:07 - [TEST_STEP][PASSED] - click(findTestObject("Create Personnel/Security Force Dropdown")): Object: 'Object Repository/Create Personnel/Security Force Dropdown' is clicked on

2023-10-16 14:59:09 - [MESSAGE][PASSED] - Object: 'Object Repository/Create Personnel/Security Force Dropdown' is clicked on

2023-10-16 14:59:09 - [TEST_STEP][PASSED] - click(findTestObject("Common/SNA dropdown option")): Object: 'Object Repository/Common/SNA dropdown option' is clicked on

2023-10-16 14:59:09 - [MESSAGE][PASSED] - Object: 'Object Repository/Common/SNA dropdown option' is clicked on

2023-10-16 14:59:09 - [TEST_STEP][PASSED] - click(findTestObject("Create Personnel/Division")): Object: 'Object Repository/Create Personnel/Division' is clicked on

2023-10-16 14:59:10 - [MESSAGE][PASSED] - Object: 'Object Repository/Create Personnel/Division' is clicked on

2023-10-16 14:59:10 - [TEST_STEP][PASSED] - click(findTestObject("Create Personnel/Division 1st Option")): Object: 'Object Repository/Create Personnel/Division 1st Option' is clicked on

2023-10-16 14:59:10 - [MESSAGE][PASSED] - Object: 'Object Repository/Create Personnel/Division 1st Option' is clicked on

2023-10-16 14:59:10 - [TEST_STEP][PASSED] - click(findTestObject("Create Personnel/Unit")): Object: 'Object Repository/Create Personnel/Unit' is clicked on

2023-10-16 14:59:11 - [MESSAGE][PASSED] - Object: 'Object Repository/Create Personnel/Unit' is clicked on

2023-10-16 14:59:11 - [TEST_STEP][PASSED] - click(findTestObject("Create Personnel/Unit dropdown 1st value")): Object: 'Object Repository/Create Personnel/Unit dropdown 1st value' is clicked on

2023-10-16 14:59:12 - [MESSAGE][PASSED] - Object: 'Object Repository/Create Personnel/Unit dropdown 1st value' is clicked on

2023-10-16 14:59:12 - [TEST_STEP][PASSED] - sendKeys(findTestObject("Create Personnel/First Name Text Box"), Keys.chord(CONTROL, "a")): Keys 'CONTROL + a' sent to object: 'Object Repository/Create Personnel/First Name Text Box'

2023-10-16 14:59:12 - [MESSAGE][PASSED] - Keys 'CONTROL + a' sent to object: 'Object Repository/Create Personnel/First Name Text Box'

2023-10-16 14:59:12 - [TEST_STEP][PASSED] - sendKeys(findTestObject("Create Personnel/First Name Text Box"), Keys.chord(DELETE)): Keys 'DELETE + ' sent to object: 'Object Repository/Create Personnel/First Name Text Box'

2023-10-16 14:59:13 - [MESSAGE][PASSED] - Keys 'DELETE + ' sent to object: 'Object Repository/Create Personnel/First Name Text Box'

2023-10-16 14:59:13 - [TEST_STEP][PASSED] - setText(findTestObject("Create Personnel/First Name Text Box"), "Test 1"): Text 'Test 1' is set on object 'Object Repository/Create Personnel/First Name Text Box'

2023-10-16 14:59:13 - [MESSAGE][PASSED] - Text 'Test 1' is set on object 'Object Repository/Create Personnel/First Name Text Box'

2023-10-16 14:59:13 - [TEST_STEP][PASSED] - sendKeys(findTestObject("Create Personnel/Middle Name Text Box"), Keys.chord(CONTROL, "a")): Keys 'CONTROL + a' sent to object: 'Object Repository/Create Personnel/Middle Name Text Box'

2023-10-16 14:59:14 - [MESSAGE][PASSED] - Keys 'CONTROL + a' sent to object: 'Object Repository/Create Personnel/Middle Name Text Box'

2023-10-16 14:59:14 - [TEST_STEP][PASSED] - sendKeys(findTestObject("Create Personnel/Middle Name Text Box"), Keys.chord(DELETE)): Keys 'DELETE + ' sent to object: 'Object Repository/Create Personnel/Middle Name Text Box'

2023-10-16 14:59:14 - [MESSAGE][PASSED] - Keys 'DELETE + ' sent to object: 'Object Repository/Create Personnel/Middle Name Text Box'

2023-10-16 14:59:14 - [TEST_STEP][PASSED] - setText(findTestObject("Create Personnel/Middle Name Text Box"), "Automation 1"): Text 'Automation 1' is set on object 'Object Repository/Create Personnel/Middle Name Text Box'

2023-10-16 14:59:15 - [MESSAGE][PASSED] - Text 'Automation 1' is set on object 'Object Repository/Create Personnel/Middle Name Text Box'

2023-10-16 14:59:15 - [TEST_STEP][PASSED] - Timestamp = DateTimeUtility.getCurrentDateTime("IST", ""): DateTimeUtility.getCurrentDateTime is PASSED

2023-10-16 14:59:15 - [MESSAGE][INFO] - The current TimeZone ID is: IST

2023-10-16 14:59:15 - [MESSAGE][PASSED] - DateTimeUtility.getCurrentDateTime is PASSED

2023-10-16 14:59:15 - [TEST_STEP][PASSED] - sendKeys(findTestObject("Create Personnel/Last Name Text Box"), Keys.chord(CONTROL, "a")): Keys 'CONTROL + a' sent to object: 'Object Repository/Create Personnel/Last Name Text Box'

2023-10-16 14:59:15 - [MESSAGE][PASSED] - Keys 'CONTROL + a' sent to object: 'Object Repository/Create Personnel/Last Name Text Box'

2023-10-16 14:59:15 - [TEST_STEP][PASSED] - sendKeys(findTestObject("Create Personnel/Last Name Text Box"), Keys.chord(DELETE)): Keys 'DELETE + ' sent to object: 'Object Repository/Create Personnel/Last Name Text Box'

2023-10-16 14:59:16 - [MESSAGE][PASSED] - Keys 'DELETE + ' sent to object: 'Object Repository/Create Personnel/Last Name Text Box'

2023-10-16 14:59:16 - [TEST_STEP][PASSED] - setText(findTestObject("Create Personnel/Last Name Text Box"), Timestamp): Text '16-10-2023 02:59:15 PM' is set on object 'Object Repository/Create Personnel/Last Name Text Box'

2023-10-16 14:59:17 - [MESSAGE][PASSED] - Text '16-10-2023 02:59:15 PM' is set on object 'Object Repository/Create Personnel/Last Name Text Box'

2023-10-16 14:59:17 - [TEST_STEP][PASSED] - sendKeys(findTestObject("Create Personnel/Forces ID Number Text Box"), Keys.chord(CONTROL, "a")): Keys 'CONTROL + a' sent to object: 'Object Repository/Create Personnel/Forces ID Number Text Box'

2023-10-16 14:59:17 - [MESSAGE][PASSED] - Keys 'CONTROL + a' sent to object: 'Object Repository/Create Personnel/Forces ID Number Text Box'

2023-10-16 14:59:17 - [TEST_STEP][PASSED] - sendKeys(findTestObject("Create Personnel/Forces ID Number Text Box"), Keys.chord(DELETE)): Keys 'DELETE + ' sent to object: 'Object Repository/Create Personnel/Forces ID Number Text Box'

2023-10-16 14:59:18 - [MESSAGE][PASSED] - Keys 'DELETE + ' sent to object: 'Object Repository/Create Personnel/Forces ID Number Text Box'

2023-10-16 14:59:18 - [TEST_STEP][PASSED] - setText(findTestObject("Create Personnel/Forces ID Number Text Box"), "FIDED001"): Text 'FIDED001' is set on object 'Object Repository/Create Personnel/Forces ID Number Text Box'

2023-10-16 14:59:18 - [MESSAGE][PASSED] - Text 'FIDED001' is set on object 'Object Repository/Create Personnel/Forces ID Number Text Box'

2023-10-16 14:59:18 - [TEST_STEP][PASSED] - sendKeys(findTestObject("Create Personnel/Forces AP Number Text Box"), Keys.chord(CONTROL, "a")): Keys 'CONTROL + a' sent to object: 'Object Repository/Create Personnel/Forces AP Number Text Box'

2023-10-16 14:59:19 - [MESSAGE][PASSED] - Keys 'CONTROL + a' sent to object: 'Object Repository/Create Personnel/Forces AP Number Text Box'

2023-10-16 14:59:19 - [TEST_STEP][PASSED] - sendKeys(findTestObject("Create Personnel/Forces AP Number Text Box"), Keys.chord(DELETE)): Keys 'DELETE + ' sent to object: 'Object Repository/Create Personnel/Forces AP Number Text Box'

2023-10-16 14:59:19 - [MESSAGE][PASSED] - Keys 'DELETE + ' sent to object: 'Object Repository/Create Personnel/Forces AP Number Text Box'

2023-10-16 14:59:19 - [TEST_STEP][PASSED] - setText(findTestObject("Create Personnel/Forces AP Number Text Box"), "FAPED001"): Text 'FAPED001' is set on object 'Object Repository/Create Personnel/Forces AP Number Text Box'

2023-10-16 14:59:20 - [MESSAGE][PASSED] - Text 'FAPED001' is set on object 'Object Repository/Create Personnel/Forces AP Number Text Box'

2023-10-16 14:59:20 - [TEST_STEP][PASSED] - sendKeys(findTestObject("Create Personnel/Biometric Reg No Text Box"), Keys.chord(CONTROL, "a")): Keys 'CONTROL + a' sent to object: 'Object Repository/Create Personnel/Biometric Reg No Text Box'

2023-10-16 14:59:20 - [MESSAGE][PASSED] - Keys 'CONTROL + a' sent to object: 'Object Repository/Create Personnel/Biometric Reg No Text Box'

2023-10-16 14:59:20 - [TEST_STEP][PASSED] - sendKeys(findTestObject("Create Personnel/Biometric Reg No Text Box"), Keys.chord(DELETE)): Keys 'DELETE + ' sent to object: 'Object Repository/Create Personnel/Biometric Reg No Text Box'

2023-10-16 14:59:21 - [MESSAGE][PASSED] - Keys 'DELETE + ' sent to object: 'Object Repository/Create Personnel/Biometric Reg No Text Box'

2023-10-16 14:59:21 - [TEST_STEP][PASSED] - click(findTestObject("Create Personnel/Rank")): Object: 'Object Repository/Create Personnel/Rank' is clicked on

2023-10-16 14:59:21 - [MESSAGE][PASSED] - Object: 'Object Repository/Create Personnel/Rank' is clicked on

2023-10-16 14:59:21 - [TEST_STEP][PASSED] - click(findTestObject("Create Personnel/li_GDHE")): Object: 'Object Repository/Create Personnel/li_GDHE' is clicked on

2023-10-16 14:59:22 - [MESSAGE][PASSED] - Object: 'Object Repository/Create Personnel/li_GDHE' is clicked on

2023-10-16 14:59:22 - [TEST_STEP][PASSED] - sendKeys(findTestObject("Create Personnel/Telephone Number"), Keys.chord(CONTROL, "a")): Keys 'CONTROL + a' sent to object: 'Object Repository/Create Personnel/Telephone Number'

2023-10-16 14:59:23 - [MESSAGE][PASSED] - Keys 'CONTROL + a' sent to object: 'Object Repository/Create Personnel/Telephone Number'

2023-10-16 14:59:23 - [TEST_STEP][PASSED] - sendKeys(findTestObject("Create Personnel/Telephone Number"), Keys.chord(DELETE)): Keys 'DELETE + ' sent to object: 'Object Repository/Create Personnel/Telephone Number'

2023-10-16 14:59:23 - [MESSAGE][PASSED] - Keys 'DELETE + ' sent to object: 'Object Repository/Create Personnel/Telephone Number'

2023-10-16 14:59:23 - [TEST_STEP][PASSED] - setText(findTestObject("Create Personnel/Telephone Number"), "123667117"): Text '123667117' is set on object 'Object Repository/Create Personnel/Telephone Number'

2023-10-16 14:59:24 - [MESSAGE][PASSED] - Text '123667117' is set on object 'Object Repository/Create Personnel/Telephone Number'

2023-10-16 14:59:24 - [TEST_STEP][PASSED] - sendKeys(findTestObject("Create Personnel/Responsible Person Name Box"), Keys.chord(CONTROL, "a")): Keys 'CONTROL + a' sent to object: 'Object Repository/Create Personnel/Responsible Person Name Box'

2023-10-16 14:59:24 - [MESSAGE][PASSED] - Keys 'CONTROL + a' sent to object: 'Object Repository/Create Personnel/Responsible Person Name Box'

2023-10-16 14:59:24 - [TEST_STEP][PASSED] - sendKeys(findTestObject("Create Personnel/Responsible Person Name Box"), Keys.chord(DELETE)): Keys 'DELETE + ' sent to object: 'Object Repository/Create Personnel/Responsible Person Name Box'

2023-10-16 14:59:25 - [MESSAGE][PASSED] - Keys 'DELETE + ' sent to object: 'Object Repository/Create Personnel/Responsible Person Name Box'

2023-10-16 14:59:25 - [TEST_STEP][PASSED] - setText(findTestObject("Create Personnel/Responsible Person Name Box"), "Edited Gurantor"): Text 'Edited Gurantor' is set on object 'Object Repository/Create Personnel/Responsible Person Name Box'

2023-10-16 14:59:25 - [MESSAGE][PASSED] - Text 'Edited Gurantor' is set on object 'Object Repository/Create Personnel/Responsible Person Name Box'

2023-10-16 14:59:25 - [TEST_STEP][PASSED] - sendKeys(findTestObject("Create Personnel/Responsible Person Phone Box"), Keys.chord(CONTROL, "a")): Keys 'CONTROL + a' sent to object: 'Object Repository/Create Personnel/Responsible Person Phone Box'

2023-10-16 14:59:26 - [MESSAGE][PASSED] - Keys 'CONTROL + a' sent to object: 'Object Repository/Create Personnel/Responsible Person Phone Box'

2023-10-16 14:59:26 - [TEST_STEP][PASSED] - sendKeys(findTestObject("Create Personnel/Responsible Person Phone Box"), Keys.chord(DELETE)): Keys 'DELETE + ' sent to object: 'Object Repository/Create Personnel/Responsible Person Phone Box'

2023-10-16 14:59:26 - [MESSAGE][PASSED] - Keys 'DELETE + ' sent to object: 'Object Repository/Create Personnel/Responsible Person Phone Box'

2023-10-16 14:59:26 - [TEST_STEP][PASSED] - sendKeys(findTestObject("Create Personnel/Notes Box"), Keys.chord(CONTROL, "a")): Keys 'CONTROL + a' sent to object: 'Object Repository/Create Personnel/Notes Box'

2023-10-16 14:59:27 - [MESSAGE][PASSED] - Keys 'CONTROL + a' sent to object: 'Object Repository/Create Personnel/Notes Box'

2023-10-16 14:59:27 - [TEST_STEP][PASSED] - sendKeys(findTestObject("Create Personnel/Notes Box"), Keys.chord(DELETE)): Keys 'DELETE + ' sent to object: 'Object Repository/Create Personnel/Notes Box'

2023-10-16 14:59:27 - [MESSAGE][PASSED] - Keys 'DELETE + ' sent to object: 'Object Repository/Create Personnel/Notes Box'

2023-10-16 14:59:27 - [TEST_STEP][PASSED] - setText(findTestObject("Create Personnel/Notes Box"), "Test Note Edited"): Text 'Test Note Edited' is set on object 'Object Repository/Create Personnel/Notes Box'

2023-10-16 14:59:28 - [MESSAGE][PASSED] - Text 'Test Note Edited' is set on object 'Object Repository/Create Personnel/Notes Box'

2023-10-16 14:59:28 - [TEST_STEP][PASSED] - uploadFiles.uploadFile(findTestObject("Create Personnel/Image_Upload"), "C:\Users\arjun.s\Desktop\Test Images\AK-47, 60008379-5.jpg"): uploadFiles.uploadFile is PASSED

2023-10-16 14:59:28 - [MESSAGE][PASSED] - Object: 'Object Repository/Create Personnel/Image_Upload' is clicked on

2023-10-16 14:59:31 - [MESSAGE][PASSED] - uploadFiles.uploadFile is PASSED

2023-10-16 14:59:31 - [TEST_STEP][PASSED] - click(findTestObject("Common/Save Changes Button")): Object: 'Object Repository/Common/Save Changes Button' is clicked on

2023-10-16 14:59:31 - [MESSAGE][PASSED] - Object: 'Object Repository/Common/Save Changes Button' is clicked on

2023-10-16 14:59:31 - [TEST_STEP][PASSED] - verifyElementPresent(findTestObject("View and Edit Personnel/Confirmation Pop up"), 30): Object 'Object Repository/View and Edit Personnel/Confirmation Pop up' is present

2023-10-16 14:59:33 - [MESSAGE][PASSED] - Object 'Object Repository/View and Edit Personnel/Confirmation Pop up' is present

2023-10-16 14:59:33 - [TEST_STEP][PASSED] - click(findTestObject("Common/Yes Button")): Object: 'Object Repository/Common/Yes Button' is clicked on

2023-10-16 14:59:33 - [MESSAGE][PASSED] - Object: 'Object Repository/Common/Yes Button' is clicked on

2023-10-16 14:59:33 - [TEST_STEP][PASSED] - verifyTextPresent("Personnel updated successfully", false): Text 'Personnel updated successfully' is present on page 

2023-10-16 14:59:38 - [MESSAGE][PASSED] - Text 'Personnel updated successfully' is present on page 

2023-10-16 14:59:38 - [TEST_STEP][PASSED] - if (!(RuninSuite)): null]]></system-out>
         <system-err><![CDATA[2023-10-16 14:59:03 - [TEST_CASE][FAILED] - Test Cases/Personnel/View and Edit Personnel: Test Cases/Personnel/View and Edit Personnel FAILED.
Reason:
com.kms.katalon.core.exception.StepFailedException: Unable to verify equal between actual object '' and expected object 'Test Automation 16-10-2023 02:58:40 PM' (Root cause: com.kms.katalon.core.exception.StepFailedException: Actual object '' and expected object 'Test Automation 16-10-2023 02:58:40 PM' are not equal
	at com.kms.katalon.core.keyword.builtin.VerifyEqualKeyword$_verifyEqual_closure1.doCall(VerifyEqualKeyword.groovy:58)
	at com.kms.katalon.core.keyword.builtin.VerifyEqualKeyword$_verifyEqual_closure1.call(VerifyEqualKeyword.groovy)
	at com.kms.katalon.core.keyword.internal.KeywordMain.runKeyword(KeywordMain.groovy:74)
	at com.kms.katalon.core.keyword.builtin.VerifyEqualKeyword.verifyEqual(VerifyEqualKeyword.groovy:63)
	at com.kms.katalon.core.keyword.builtin.VerifyEqualKeyword.execute(VerifyEqualKeyword.groovy:44)
	at com.kms.katalon.core.keyword.internal.KeywordExecutor.executeKeywordForPlatform(KeywordExecutor.groovy:74)
	at com.kms.katalon.core.keyword.BuiltinKeywords.verifyEqual(BuiltinKeywords.groovy:126)
	at View and Edit Personnel.run(View and Edit Personnel:33)
	at com.kms.katalon.core.main.ScriptEngine.run(ScriptEngine.java:194)
	at com.kms.katalon.core.main.ScriptEngine.runScriptAsRawText(ScriptEngine.java:119)
	at com.kms.katalon.core.main.TestCaseExecutor.runScript(TestCaseExecutor.java:448)
	at com.kms.katalon.core.main.TestCaseExecutor.doExecute(TestCaseExecutor.java:439)
	at com.kms.katalon.core.main.TestCaseExecutor.processExecutionPhase(TestCaseExecutor.java:418)
	at com.kms.katalon.core.main.TestCaseExecutor.accessMainPhase(TestCaseExecutor.java:410)
	at com.kms.katalon.core.main.TestCaseExecutor.execute(TestCaseExecutor.java:285)
	at com.kms.katalon.core.common.CommonExecutor.accessTestCaseMainPhase(CommonExecutor.java:65)
	at com.kms.katalon.core.main.TestSuiteExecutor.accessTestSuiteMainPhase(TestSuiteExecutor.java:151)
	at com.kms.katalon.core.main.TestSuiteExecutor.execute(TestSuiteExecutor.java:106)
	at com.kms.katalon.core.main.TestCaseMain.startTestSuite(TestCaseMain.java:185)
	at com.kms.katalon.core.main.TestCaseMain$startTestSuite$0.call(Unknown Source)
	at TempTestSuite1697448385654.run(TempTestSuite1697448385654.groovy:36)
)
	at com.kms.katalon.core.keyword.internal.KeywordMain.stepFailed(KeywordMain.groovy:39)
	at com.kms.katalon.core.keyword.internal.KeywordMain.stepFailed(KeywordMain.groovy)
	at com.kms.katalon.core.keyword.internal.KeywordMain.runKeyword(KeywordMain.groovy:76)
	at com.kms.katalon.core.keyword.builtin.VerifyEqualKeyword.verifyEqual(VerifyEqualKeyword.groovy:63)
	at com.kms.katalon.core.keyword.builtin.VerifyEqualKeyword.execute(VerifyEqualKeyword.groovy:44)
	at com.kms.katalon.core.keyword.internal.KeywordExecutor.executeKeywordForPlatform(KeywordExecutor.groovy:74)
	at com.kms.katalon.core.keyword.BuiltinKeywords.verifyEqual(BuiltinKeywords.groovy:126)
	at View and Edit Personnel.run(View and Edit Personnel:33)
	at com.kms.katalon.core.main.ScriptEngine.run(ScriptEngine.java:194)
	at com.kms.katalon.core.main.ScriptEngine.runScriptAsRawText(ScriptEngine.java:119)
	at com.kms.katalon.core.main.TestCaseExecutor.runScript(TestCaseExecutor.java:448)
	at com.kms.katalon.core.main.TestCaseExecutor.doExecute(TestCaseExecutor.java:439)
	at com.kms.katalon.core.main.TestCaseExecutor.processExecutionPhase(TestCaseExecutor.java:418)
	at com.kms.katalon.core.main.TestCaseExecutor.accessMainPhase(TestCaseExecutor.java:410)
	at com.kms.katalon.core.main.TestCaseExecutor.execute(TestCaseExecutor.java:285)
	at com.kms.katalon.core.common.CommonExecutor.accessTestCaseMainPhase(CommonExecutor.java:65)
	at com.kms.katalon.core.main.TestSuiteExecutor.accessTestSuiteMainPhase(TestSuiteExecutor.java:151)
	at com.kms.katalon.core.main.TestSuiteExecutor.execute(TestSuiteExecutor.java:106)
	at com.kms.katalon.core.main.TestCaseMain.startTestSuite(TestCaseMain.java:185)
	at com.kms.katalon.core.main.TestCaseMain$startTestSuite$0.call(Unknown Source)
	at TempTestSuite1697448385654.run(TempTestSuite1697448385654.groovy:36)
Caused by: com.kms.katalon.core.exception.StepFailedException: Actual object '' and expected object 'Test Automation 16-10-2023 02:58:40 PM' are not equal
	at com.kms.katalon.core.keyword.builtin.VerifyEqualKeyword$_verifyEqual_closure1.doCall(VerifyEqualKeyword.groovy:58)
	at com.kms.katalon.core.keyword.builtin.VerifyEqualKeyword$_verifyEqual_closure1.call(VerifyEqualKeyword.groovy)
	at com.kms.katalon.core.keyword.internal.KeywordMain.runKeyword(KeywordMain.groovy:74)
	... 18 more]]></system-err>
      </testcase>
      <system-out><![CDATA[2023-10-16 14:56:28 - [TEST_SUITE][FAILED] - Personnel Tests: Test Cases/Personnel/View and Edit Personnel FAILED.
Reason:
com.kms.katalon.core.exception.StepFailedException: Unable to verify equal between actual object '' and expected object 'Test Automation 16-10-2023 02:58:40 PM' (Root cause: com.kms.katalon.core.exception.StepFailedException: Actual object '' and expected object 'Test Automation 16-10-2023 02:58:40 PM' are not equal
	at com.kms.katalon.core.keyword.builtin.VerifyEqualKeyword$_verifyEqual_closure1.doCall(VerifyEqualKeyword.groovy:58)
	at com.kms.katalon.core.keyword.builtin.VerifyEqualKeyword$_verifyEqual_closure1.call(VerifyEqualKeyword.groovy)
	at com.kms.katalon.core.keyword.internal.KeywordMain.runKeyword(KeywordMain.groovy:74)
	at com.kms.katalon.core.keyword.builtin.VerifyEqualKeyword.verifyEqual(VerifyEqualKeyword.groovy:63)
	at com.kms.katalon.core.keyword.builtin.VerifyEqualKeyword.execute(VerifyEqualKeyword.groovy:44)
	at com.kms.katalon.core.keyword.internal.KeywordExecutor.executeKeywordForPlatform(KeywordExecutor.groovy:74)
	at com.kms.katalon.core.keyword.BuiltinKeywords.verifyEqual(BuiltinKeywords.groovy:126)
	at View and Edit Personnel.run(View and Edit Personnel:33)
	at com.kms.katalon.core.main.ScriptEngine.run(ScriptEngine.java:194)
	at com.kms.katalon.core.main.ScriptEngine.runScriptAsRawText(ScriptEngine.java:119)
	at com.kms.katalon.core.main.TestCaseExecutor.runScript(TestCaseExecutor.java:448)
	at com.kms.katalon.core.main.TestCaseExecutor.doExecute(TestCaseExecutor.java:439)
	at com.kms.katalon.core.main.TestCaseExecutor.processExecutionPhase(TestCaseExecutor.java:418)
	at com.kms.katalon.core.main.TestCaseExecutor.accessMainPhase(TestCaseExecutor.java:410)
	at com.kms.katalon.core.main.TestCaseExecutor.execute(TestCaseExecutor.java:285)
	at com.kms.katalon.core.common.CommonExecutor.accessTestCaseMainPhase(CommonExecutor.java:65)
	at com.kms.katalon.core.main.TestSuiteExecutor.accessTestSuiteMainPhase(TestSuiteExecutor.java:151)
	at com.kms.katalon.core.main.TestSuiteExecutor.execute(TestSuiteExecutor.java:106)
	at com.kms.katalon.core.main.TestCaseMain.startTestSuite(TestCaseMain.java:185)
	at com.kms.katalon.core.main.TestCaseMain$startTestSuite$0.call(Unknown Source)
	at TempTestSuite1697448385654.run(TempTestSuite1697448385654.groovy:36)
)
	at com.kms.katalon.core.keyword.internal.KeywordMain.stepFailed(KeywordMain.groovy:39)
	at com.kms.katalon.core.keyword.internal.KeywordMain.stepFailed(KeywordMain.groovy)
	at com.kms.katalon.core.keyword.internal.KeywordMain.runKeyword(KeywordMain.groovy:76)
	at com.kms.katalon.core.keyword.builtin.VerifyEqualKeyword.verifyEqual(VerifyEqualKeyword.groovy:63)
	at com.kms.katalon.core.keyword.builtin.VerifyEqualKeyword.execute(VerifyEqualKeyword.groovy:44)
	at com.kms.katalon.core.keyword.internal.KeywordExecutor.executeKeywordForPlatform(KeywordExecutor.groovy:74)
	at com.kms.katalon.core.keyword.BuiltinKeywords.verifyEqual(BuiltinKeywords.groovy:126)
	at View and Edit Personnel.run(View and Edit Personnel:33)
	at com.kms.katalon.core.main.ScriptEngine.run(ScriptEngine.java:194)
	at com.kms.katalon.core.main.ScriptEngine.runScriptAsRawText(ScriptEngine.java:119)
	at com.kms.katalon.core.main.TestCaseExecutor.runScript(TestCaseExecutor.java:448)
	at com.kms.katalon.core.main.TestCaseExecutor.doExecute(TestCaseExecutor.java:439)
	at com.kms.katalon.core.main.TestCaseExecutor.processExecutionPhase(TestCaseExecutor.java:418)
	at com.kms.katalon.core.main.TestCaseExecutor.accessMainPhase(TestCaseExecutor.java:410)
	at com.kms.katalon.core.main.TestCaseExecutor.execute(TestCaseExecutor.java:285)
	at com.kms.katalon.core.common.CommonExecutor.accessTestCaseMainPhase(CommonExecutor.java:65)
	at com.kms.katalon.core.main.TestSuiteExecutor.accessTestSuiteMainPhase(TestSuiteExecutor.java:151)
	at com.kms.katalon.core.main.TestSuiteExecutor.execute(TestSuiteExecutor.java:106)
	at com.kms.katalon.core.main.TestCaseMain.startTestSuite(TestCaseMain.java:185)
	at com.kms.katalon.core.main.TestCaseMain$startTestSuite$0.call(Unknown Source)
	at TempTestSuite1697448385654.run(TempTestSuite1697448385654.groovy:36)
Caused by: com.kms.katalon.core.exception.StepFailedException: Actual object '' and expected object 'Test Automation 16-10-2023 02:58:40 PM' are not equal
	at com.kms.katalon.core.keyword.builtin.VerifyEqualKeyword$_verifyEqual_closure1.doCall(VerifyEqualKeyword.groovy:58)
	at com.kms.katalon.core.keyword.builtin.VerifyEqualKeyword$_verifyEqual_closure1.call(VerifyEqualKeyword.groovy)
	at com.kms.katalon.core.keyword.internal.KeywordMain.runKeyword(KeywordMain.groovy:74)
	... 18 more]]></system-out>
      <system-err><![CDATA[2023-10-16 14:56:28 - [TEST_SUITE][FAILED] - Personnel Tests: Test Cases/Personnel/View and Edit Personnel FAILED.
Reason:
com.kms.katalon.core.exception.StepFailedException: Unable to verify equal between actual object '' and expected object 'Test Automation 16-10-2023 02:58:40 PM' (Root cause: com.kms.katalon.core.exception.StepFailedException: Actual object '' and expected object 'Test Automation 16-10-2023 02:58:40 PM' are not equal
	at com.kms.katalon.core.keyword.builtin.VerifyEqualKeyword$_verifyEqual_closure1.doCall(VerifyEqualKeyword.groovy:58)
	at com.kms.katalon.core.keyword.builtin.VerifyEqualKeyword$_verifyEqual_closure1.call(VerifyEqualKeyword.groovy)
	at com.kms.katalon.core.keyword.internal.KeywordMain.runKeyword(KeywordMain.groovy:74)
	at com.kms.katalon.core.keyword.builtin.VerifyEqualKeyword.verifyEqual(VerifyEqualKeyword.groovy:63)
	at com.kms.katalon.core.keyword.builtin.VerifyEqualKeyword.execute(VerifyEqualKeyword.groovy:44)
	at com.kms.katalon.core.keyword.internal.KeywordExecutor.executeKeywordForPlatform(KeywordExecutor.groovy:74)
	at com.kms.katalon.core.keyword.BuiltinKeywords.verifyEqual(BuiltinKeywords.groovy:126)
	at View and Edit Personnel.run(View and Edit Personnel:33)
	at com.kms.katalon.core.main.ScriptEngine.run(ScriptEngine.java:194)
	at com.kms.katalon.core.main.ScriptEngine.runScriptAsRawText(ScriptEngine.java:119)
	at com.kms.katalon.core.main.TestCaseExecutor.runScript(TestCaseExecutor.java:448)
	at com.kms.katalon.core.main.TestCaseExecutor.doExecute(TestCaseExecutor.java:439)
	at com.kms.katalon.core.main.TestCaseExecutor.processExecutionPhase(TestCaseExecutor.java:418)
	at com.kms.katalon.core.main.TestCaseExecutor.accessMainPhase(TestCaseExecutor.java:410)
	at com.kms.katalon.core.main.TestCaseExecutor.execute(TestCaseExecutor.java:285)
	at com.kms.katalon.core.common.CommonExecutor.accessTestCaseMainPhase(CommonExecutor.java:65)
	at com.kms.katalon.core.main.TestSuiteExecutor.accessTestSuiteMainPhase(TestSuiteExecutor.java:151)
	at com.kms.katalon.core.main.TestSuiteExecutor.execute(TestSuiteExecutor.java:106)
	at com.kms.katalon.core.main.TestCaseMain.startTestSuite(TestCaseMain.java:185)
	at com.kms.katalon.core.main.TestCaseMain$startTestSuite$0.call(Unknown Source)
	at TempTestSuite1697448385654.run(TempTestSuite1697448385654.groovy:36)
)
	at com.kms.katalon.core.keyword.internal.KeywordMain.stepFailed(KeywordMain.groovy:39)
	at com.kms.katalon.core.keyword.internal.KeywordMain.stepFailed(KeywordMain.groovy)
	at com.kms.katalon.core.keyword.internal.KeywordMain.runKeyword(KeywordMain.groovy:76)
	at com.kms.katalon.core.keyword.builtin.VerifyEqualKeyword.verifyEqual(VerifyEqualKeyword.groovy:63)
	at com.kms.katalon.core.keyword.builtin.VerifyEqualKeyword.execute(VerifyEqualKeyword.groovy:44)
	at com.kms.katalon.core.keyword.internal.KeywordExecutor.executeKeywordForPlatform(KeywordExecutor.groovy:74)
	at com.kms.katalon.core.keyword.BuiltinKeywords.verifyEqual(BuiltinKeywords.groovy:126)
	at View and Edit Personnel.run(View and Edit Personnel:33)
	at com.kms.katalon.core.main.ScriptEngine.run(ScriptEngine.java:194)
	at com.kms.katalon.core.main.ScriptEngine.runScriptAsRawText(ScriptEngine.java:119)
	at com.kms.katalon.core.main.TestCaseExecutor.runScript(TestCaseExecutor.java:448)
	at com.kms.katalon.core.main.TestCaseExecutor.doExecute(TestCaseExecutor.java:439)
	at com.kms.katalon.core.main.TestCaseExecutor.processExecutionPhase(TestCaseExecutor.java:418)
	at com.kms.katalon.core.main.TestCaseExecutor.accessMainPhase(TestCaseExecutor.java:410)
	at com.kms.katalon.core.main.TestCaseExecutor.execute(TestCaseExecutor.java:285)
	at com.kms.katalon.core.common.CommonExecutor.accessTestCaseMainPhase(CommonExecutor.java:65)
	at com.kms.katalon.core.main.TestSuiteExecutor.accessTestSuiteMainPhase(TestSuiteExecutor.java:151)
	at com.kms.katalon.core.main.TestSuiteExecutor.execute(TestSuiteExecutor.java:106)
	at com.kms.katalon.core.main.TestCaseMain.startTestSuite(TestCaseMain.java:185)
	at com.kms.katalon.core.main.TestCaseMain$startTestSuite$0.call(Unknown Source)
	at TempTestSuite1697448385654.run(TempTestSuite1697448385654.groovy:36)
Caused by: com.kms.katalon.core.exception.StepFailedException: Actual object '' and expected object 'Test Automation 16-10-2023 02:58:40 PM' are not equal
	at com.kms.katalon.core.keyword.builtin.VerifyEqualKeyword$_verifyEqual_closure1.doCall(VerifyEqualKeyword.groovy:58)
	at com.kms.katalon.core.keyword.builtin.VerifyEqualKeyword$_verifyEqual_closure1.call(VerifyEqualKeyword.groovy)
	at com.kms.katalon.core.keyword.internal.KeywordMain.runKeyword(KeywordMain.groovy:74)
	... 18 more]]></system-err>
   </testsuite>
</testsuites>
